<?xml version="1.0" encoding="UTF-8"?>
<testsuite xmlns:xsi="http://www.w3.org/2001/XMLSchema-instance" xsi:noNamespaceSchemaLocation="https://maven.apache.org/surefire/maven-surefire-plugin/xsd/surefire-test-report-3.0.xsd" version="3.0" name="dev.drawethree.xprison.utils.misc.NumberUtilsTest" time="0.022" tests="4" errors="0" skipped="0" failures="0">
  <properties>
    <property name="java.specification.version" value="22"/>
    <property name="sun.cpu.isalist" value="amd64"/>
    <property name="sun.jnu.encoding" value="Cp1252"/>
    <property name="java.class.path" value="C:\Users\Mrhel\.m2\repository\org\apache\maven\surefire\surefire-booter\3.0.0\surefire-booter-3.0.0.jar;C:\Users\Mrhel\.m2\repository\org\apache\maven\surefire\surefire-api\3.0.0\surefire-api-3.0.0.jar;C:\Users\Mrhel\.m2\repository\org\apache\maven\surefire\surefire-extensions-spi\3.0.0\surefire-extensions-spi-3.0.0.jar;C:\Users\Mrhel\.m2\repository\org\apache\maven\surefire\surefire-logger-api\3.0.0\surefire-logger-api-3.0.0.jar;C:\Users\Mrhel\.m2\repository\org\apache\maven\surefire\surefire-shared-utils\3.0.0\surefire-shared-utils-3.0.0.jar;C:\Users\Mrhel\Desktop\test\x-prison\X-Prison\target\test-classes;C:\Users\Mrhel\Desktop\test\x-prison\X-Prison\target\classes;C:\Users\Mrhel\.m2\repository\org\spigotmc\spigot-api\1.20.2-R0.1-SNAPSHOT\spigot-api-1.20.2-R0.1-SNAPSHOT.jar;C:\Users\Mrhel\.m2\repository\com\google\guava\guava\32.1.2-jre\guava-32.1.2-jre.jar;C:\Users\Mrhel\.m2\repository\com\google\guava\failureaccess\1.0.1\failureaccess-1.0.1.jar;C:\Users\Mrhel\.m2\repository\com\google\guava\listenablefuture\9999.0-empty-to-avoid-conflict-with-guava\listenablefuture-9999.0-empty-to-avoid-conflict-with-guava.jar;C:\Users\Mrhel\.m2\repository\org\checkerframework\checker-qual\3.33.0\checker-qual-3.33.0.jar;C:\Users\Mrhel\.m2\repository\com\google\errorprone\error_prone_annotations\2.18.0\error_prone_annotations-2.18.0.jar;C:\Users\Mrhel\.m2\repository\com\google\j2objc\j2objc-annotations\2.8\j2objc-annotations-2.8.jar;C:\Users\Mrhel\.m2\repository\com\google\code\gson\gson\2.10.1\gson-2.10.1.jar;C:\Users\Mrhel\.m2\repository\org\joml\joml\1.10.5\joml-1.10.5.jar;C:\Users\Mrhel\.m2\repository\net\md-5\bungeecord-chat\1.20-R0.1\bungeecord-chat-1.20-R0.1.jar;C:\Users\Mrhel\.m2\repository\org\yaml\snakeyaml\2.2\snakeyaml-2.2.jar;C:\Users\Mrhel\.m2\repository\com\mojang\authlib\1.5.26\authlib-1.5.26.jar;C:\Users\Mrhel\.m2\repository\com\google\code\findbugs\jsr305\2.0.1\jsr305-2.0.1.jar;C:\Users\Mrhel\.m2\repository\commons-codec\commons-codec\1.10\commons-codec-1.10.jar;C:\Users\Mrhel\.m2\repository\commons-io\commons-io\2.4\commons-io-2.4.jar;C:\Users\Mrhel\.m2\repository\org\apache\commons\commons-lang3\3.5\commons-lang3-3.5.jar;C:\Users\Mrhel\.m2\repository\org\apache\logging\log4j\log4j-api\2.0-beta9\log4j-api-2.0-beta9.jar;C:\Users\Mrhel\.m2\repository\org\apache\logging\log4j\log4j-core\2.0-beta9\log4j-core-2.0-beta9.jar;C:\Users\Mrhel\Desktop\test\x-prison\X-Prison\libs\plugins\MineResetLite.jar;C:\Users\Mrhel\Desktop\test\x-prison\X-Prison\libs\plugins\MVdWPlaceholderAPI.jar;C:\Users\Mrhel\.m2\repository\com\saicone\rtag\rtag\1.3.2\rtag-1.3.2.jar;C:\Users\Mrhel\.m2\repository\com\saicone\rtag\rtag-item\1.3.2\rtag-item-1.3.2.jar;C:\Users\Mrhel\.m2\repository\com\github\cryptomorin\XSeries\9.7.0\XSeries-9.7.0.jar;C:\Users\Mrhel\.m2\repository\org\codemc\worldguardwrapper\worldguardwrapper\1.2.0-SNAPSHOT\worldguardwrapper-1.2.0-SNAPSHOT.jar;C:\Users\Mrhel\.m2\repository\org\bstats\bstats-bukkit\3.0.2\bstats-bukkit-3.0.2.jar;C:\Users\Mrhel\.m2\repository\org\bstats\bstats-base\3.0.2\bstats-base-3.0.2.jar;C:\Users\Mrhel\.m2\repository\me\clip\placeholderapi\2.11.5\placeholderapi-2.11.5.jar;C:\Users\Mrhel\.m2\repository\org\jetbrains\annotations\23.0.0\annotations-23.0.0.jar;C:\Users\Mrhel\.m2\repository\net\kyori\adventure-platform-bukkit\4.3.1\adventure-platform-bukkit-4.3.1.jar;C:\Users\Mrhel\.m2\repository\net\kyori\adventure-platform-api\4.3.1\adventure-platform-api-4.3.1.jar;C:\Users\Mrhel\.m2\repository\net\kyori\adventure-api\4.13.1\adventure-api-4.13.1.jar;C:\Users\Mrhel\.m2\repository\net\kyori\adventure-key\4.13.1\adventure-key-4.13.1.jar;C:\Users\Mrhel\.m2\repository\net\kyori\adventure-text-serializer-bungeecord\4.3.1\adventure-text-serializer-bungeecord-4.3.1.jar;C:\Users\Mrhel\.m2\repository\net\kyori\adventure-text-serializer-legacy\4.13.1\adventure-text-serializer-legacy-4.13.1.jar;C:\Users\Mrhel\.m2\repository\net\kyori\adventure-nbt\4.13.1\adventure-nbt-4.13.1.jar;C:\Users\Mrhel\.m2\repository\net\kyori\examination-api\1.3.0\examination-api-1.3.0.jar;C:\Users\Mrhel\.m2\repository\net\kyori\examination-string\1.3.0\examination-string-1.3.0.jar;C:\Users\Mrhel\.m2\repository\net\kyori\adventure-text-serializer-gson\4.13.1\adventure-text-serializer-gson-4.13.1.jar;C:\Users\Mrhel\.m2\repository\net\kyori\adventure-text-serializer-gson-legacy-impl\4.13.1\adventure-text-serializer-gson-legacy-impl-4.13.1.jar;C:\Users\Mrhel\.m2\repository\net\kyori\adventure-platform-facet\4.3.1\adventure-platform-facet-4.3.1.jar;C:\Users\Mrhel\.m2\repository\net\kyori\adventure-platform-viaversion\4.3.1\adventure-platform-viaversion-4.3.1.jar;C:\Users\Mrhel\.m2\repository\com\zaxxer\HikariCP\4.0.3\HikariCP-4.0.3.jar;C:\Users\Mrhel\.m2\repository\org\slf4j\slf4j-api\2.0.0-alpha1\slf4j-api-2.0.0-alpha1.jar;C:\Users\Mrhel\.m2\repository\com\github\MilkBowl\VaultAPI\1.7\VaultAPI-1.7.jar;C:\Users\Mrhel\.m2\repository\org\bukkit\bukkit\1.13.1-R0.1-SNAPSHOT\bukkit-1.13.1-R0.1-SNAPSHOT.jar;C:\Users\Mrhel\.m2\repository\commons-lang\commons-lang\2.6\commons-lang-2.6.jar;C:\Users\Mrhel\.m2\repository\com\googlecode\json-simple\json-simple\1.1.1\json-simple-1.1.1.jar;C:\Users\Mrhel\.m2\repository\net\luckperms\api\5.4\api-5.4.jar;C:\Users\Mrhel\.m2\repository\com\github\Drawethree\UltraBackpacksAPI\v1.2.1\UltraBackpacksAPI-v1.2.1.jar;C:\Users\Mrhel\.m2\repository\me\lucko\helper\5.6.13\helper-5.6.13.jar;C:\Users\Mrhel\.m2\repository\me\lucko\shadow-bukkit\1.19.2\shadow-bukkit-1.19.2.jar;C:\Users\Mrhel\.m2\repository\me\lucko\shadow\1.3\shadow-1.3.jar;C:\Users\Mrhel\.m2\repository\com\flowpowered\flow-math\1.0.3\flow-math-1.0.3.jar;C:\Users\Mrhel\.m2\repository\net\jodah\expiringmap\0.5.9\expiringmap-0.5.9.jar;C:\Users\Mrhel\.m2\repository\net\kyori\event-api\3.0.0\event-api-3.0.0.jar;C:\Users\Mrhel\.m2\repository\net\objecthunter\exp4j\0.4.8\exp4j-0.4.8.jar;C:\Users\Mrhel\.m2\repository\com\github\lalyos\jfiglet\0.0.9\jfiglet-0.0.9.jar;C:\Users\Mrhel\.m2\repository\org\junit\jupiter\junit-jupiter-api\5.9.2\junit-jupiter-api-5.9.2.jar;C:\Users\Mrhel\.m2\repository\org\opentest4j\opentest4j\1.2.0\opentest4j-1.2.0.jar;C:\Users\Mrhel\.m2\repository\org\junit\platform\junit-platform-commons\1.9.2\junit-platform-commons-1.9.2.jar;C:\Users\Mrhel\.m2\repository\org\apiguardian\apiguardian-api\1.1.2\apiguardian-api-1.1.2.jar;C:\Users\Mrhel\.m2\repository\org\mockito\mockito-core\5.2.0\mockito-core-5.2.0.jar;C:\Users\Mrhel\.m2\repository\net\bytebuddy\byte-buddy\1.14.1\byte-buddy-1.14.1.jar;C:\Users\Mrhel\.m2\repository\net\bytebuddy\byte-buddy-agent\1.14.1\byte-buddy-agent-1.14.1.jar;C:\Users\Mrhel\.m2\repository\org\objenesis\objenesis\3.3\objenesis-3.3.jar;C:\Users\Mrhel\.m2\repository\org\junit\vintage\junit-vintage-engine\5.9.2\junit-vintage-engine-5.9.2.jar;C:\Users\Mrhel\.m2\repository\org\junit\platform\junit-platform-engine\1.9.2\junit-platform-engine-1.9.2.jar;C:\Users\Mrhel\.m2\repository\junit\junit\4.13.2\junit-4.13.2.jar;C:\Users\Mrhel\.m2\repository\org\hamcrest\hamcrest-core\1.3\hamcrest-core-1.3.jar;C:\Users\Mrhel\.m2\repository\org\mockito\mockito-inline\5.2.0\mockito-inline-5.2.0.jar;C:\Users\Mrhel\.m2\repository\org\projectlombok\lombok\1.18.30\lombok-1.18.30.jar;C:\Users\Mrhel\.m2\repository\org\apache\maven\surefire\surefire-junit-platform\3.0.0\surefire-junit-platform-3.0.0.jar;C:\Users\Mrhel\.m2\repository\org\apache\maven\surefire\common-java5\3.0.0\common-java5-3.0.0.jar;C:\Users\Mrhel\.m2\repository\org\junit\platform\junit-platform-launcher\1.9.2\junit-platform-launcher-1.9.2.jar;C:\Users\Mrhel\.m2\repository\org\junit\jupiter\junit-jupiter-engine\5.9.2\junit-jupiter-engine-5.9.2.jar"/>
    <property name="java.vm.vendor" value="Oracle Corporation"/>
    <property name="sun.arch.data.model" value="64"/>
    <property name="user.variant" value=""/>
    <property name="java.vendor.url" value="https://java.oracle.com/"/>
    <property name="user.timezone" value="Europe/Paris"/>
    <property name="os.name" value="Windows 11"/>
    <property name="java.vm.specification.version" value="22"/>
    <property name="sun.java.launcher" value="SUN_STANDARD"/>
    <property name="user.country" value="FR"/>
    <property name="sun.boot.library.path" value="C:\Users\Mrhel\.jdks\openjdk-22.0.2\bin"/>
    <property name="sun.java.command" value="org.apache.maven.surefire.booter.ForkedBooter C:\Users\Mrhel\AppData\Local\Temp\surefire5190368626715688411 2024-11-17T20-36-59_178-jvmRun1 surefire-20241117203700221_1tmp surefire_0-20241117203700221_2tmp"/>
    <property name="jdk.debug" value="release"/>
    <property name="surefire.test.class.path" value="C:\Users\Mrhel\Desktop\test\x-prison\X-Prison\target\test-classes;C:\Users\Mrhel\Desktop\test\x-prison\X-Prison\target\classes;C:\Users\Mrhel\.m2\repository\org\spigotmc\spigot-api\1.20.2-R0.1-SNAPSHOT\spigot-api-1.20.2-R0.1-SNAPSHOT.jar;C:\Users\Mrhel\.m2\repository\com\google\guava\guava\32.1.2-jre\guava-32.1.2-jre.jar;C:\Users\Mrhel\.m2\repository\com\google\guava\failureaccess\1.0.1\failureaccess-1.0.1.jar;C:\Users\Mrhel\.m2\repository\com\google\guava\listenablefuture\9999.0-empty-to-avoid-conflict-with-guava\listenablefuture-9999.0-empty-to-avoid-conflict-with-guava.jar;C:\Users\Mrhel\.m2\repository\org\checkerframework\checker-qual\3.33.0\checker-qual-3.33.0.jar;C:\Users\Mrhel\.m2\repository\com\google\errorprone\error_prone_annotations\2.18.0\error_prone_annotations-2.18.0.jar;C:\Users\Mrhel\.m2\repository\com\google\j2objc\j2objc-annotations\2.8\j2objc-annotations-2.8.jar;C:\Users\Mrhel\.m2\repository\com\google\code\gson\gson\2.10.1\gson-2.10.1.jar;C:\Users\Mrhel\.m2\repository\org\joml\joml\1.10.5\joml-1.10.5.jar;C:\Users\Mrhel\.m2\repository\net\md-5\bungeecord-chat\1.20-R0.1\bungeecord-chat-1.20-R0.1.jar;C:\Users\Mrhel\.m2\repository\org\yaml\snakeyaml\2.2\snakeyaml-2.2.jar;C:\Users\Mrhel\.m2\repository\com\mojang\authlib\1.5.26\authlib-1.5.26.jar;C:\Users\Mrhel\.m2\repository\com\google\code\findbugs\jsr305\2.0.1\jsr305-2.0.1.jar;C:\Users\Mrhel\.m2\repository\commons-codec\commons-codec\1.10\commons-codec-1.10.jar;C:\Users\Mrhel\.m2\repository\commons-io\commons-io\2.4\commons-io-2.4.jar;C:\Users\Mrhel\.m2\repository\org\apache\commons\commons-lang3\3.5\commons-lang3-3.5.jar;C:\Users\Mrhel\.m2\repository\org\apache\logging\log4j\log4j-api\2.0-beta9\log4j-api-2.0-beta9.jar;C:\Users\Mrhel\.m2\repository\org\apache\logging\log4j\log4j-core\2.0-beta9\log4j-core-2.0-beta9.jar;C:\Users\Mrhel\Desktop\test\x-prison\X-Prison\libs\plugins\MineResetLite.jar;C:\Users\Mrhel\Desktop\test\x-prison\X-Prison\libs\plugins\MVdWPlaceholderAPI.jar;C:\Users\Mrhel\.m2\repository\com\saicone\rtag\rtag\1.3.2\rtag-1.3.2.jar;C:\Users\Mrhel\.m2\repository\com\saicone\rtag\rtag-item\1.3.2\rtag-item-1.3.2.jar;C:\Users\Mrhel\.m2\repository\com\github\cryptomorin\XSeries\9.7.0\XSeries-9.7.0.jar;C:\Users\Mrhel\.m2\repository\org\codemc\worldguardwrapper\worldguardwrapper\1.2.0-SNAPSHOT\worldguardwrapper-1.2.0-SNAPSHOT.jar;C:\Users\Mrhel\.m2\repository\org\bstats\bstats-bukkit\3.0.2\bstats-bukkit-3.0.2.jar;C:\Users\Mrhel\.m2\repository\org\bstats\bstats-base\3.0.2\bstats-base-3.0.2.jar;C:\Users\Mrhel\.m2\repository\me\clip\placeholderapi\2.11.5\placeholderapi-2.11.5.jar;C:\Users\Mrhel\.m2\repository\org\jetbrains\annotations\23.0.0\annotations-23.0.0.jar;C:\Users\Mrhel\.m2\repository\net\kyori\adventure-platform-bukkit\4.3.1\adventure-platform-bukkit-4.3.1.jar;C:\Users\Mrhel\.m2\repository\net\kyori\adventure-platform-api\4.3.1\adventure-platform-api-4.3.1.jar;C:\Users\Mrhel\.m2\repository\net\kyori\adventure-api\4.13.1\adventure-api-4.13.1.jar;C:\Users\Mrhel\.m2\repository\net\kyori\adventure-key\4.13.1\adventure-key-4.13.1.jar;C:\Users\Mrhel\.m2\repository\net\kyori\adventure-text-serializer-bungeecord\4.3.1\adventure-text-serializer-bungeecord-4.3.1.jar;C:\Users\Mrhel\.m2\repository\net\kyori\adventure-text-serializer-legacy\4.13.1\adventure-text-serializer-legacy-4.13.1.jar;C:\Users\Mrhel\.m2\repository\net\kyori\adventure-nbt\4.13.1\adventure-nbt-4.13.1.jar;C:\Users\Mrhel\.m2\repository\net\kyori\examination-api\1.3.0\examination-api-1.3.0.jar;C:\Users\Mrhel\.m2\repository\net\kyori\examination-string\1.3.0\examination-string-1.3.0.jar;C:\Users\Mrhel\.m2\repository\net\kyori\adventure-text-serializer-gson\4.13.1\adventure-text-serializer-gson-4.13.1.jar;C:\Users\Mrhel\.m2\repository\net\kyori\adventure-text-serializer-gson-legacy-impl\4.13.1\adventure-text-serializer-gson-legacy-impl-4.13.1.jar;C:\Users\Mrhel\.m2\repository\net\kyori\adventure-platform-facet\4.3.1\adventure-platform-facet-4.3.1.jar;C:\Users\Mrhel\.m2\repository\net\kyori\adventure-platform-viaversion\4.3.1\adventure-platform-viaversion-4.3.1.jar;C:\Users\Mrhel\.m2\repository\com\zaxxer\HikariCP\4.0.3\HikariCP-4.0.3.jar;C:\Users\Mrhel\.m2\repository\org\slf4j\slf4j-api\2.0.0-alpha1\slf4j-api-2.0.0-alpha1.jar;C:\Users\Mrhel\.m2\repository\com\github\MilkBowl\VaultAPI\1.7\VaultAPI-1.7.jar;C:\Users\Mrhel\.m2\repository\org\bukkit\bukkit\1.13.1-R0.1-SNAPSHOT\bukkit-1.13.1-R0.1-SNAPSHOT.jar;C:\Users\Mrhel\.m2\repository\commons-lang\commons-lang\2.6\commons-lang-2.6.jar;C:\Users\Mrhel\.m2\repository\com\googlecode\json-simple\json-simple\1.1.1\json-simple-1.1.1.jar;C:\Users\Mrhel\.m2\repository\net\luckperms\api\5.4\api-5.4.jar;C:\Users\Mrhel\.m2\repository\com\github\Drawethree\UltraBackpacksAPI\v1.2.1\UltraBackpacksAPI-v1.2.1.jar;C:\Users\Mrhel\.m2\repository\me\lucko\helper\5.6.13\helper-5.6.13.jar;C:\Users\Mrhel\.m2\repository\me\lucko\shadow-bukkit\1.19.2\shadow-bukkit-1.19.2.jar;C:\Users\Mrhel\.m2\repository\me\lucko\shadow\1.3\shadow-1.3.jar;C:\Users\Mrhel\.m2\repository\com\flowpowered\flow-math\1.0.3\flow-math-1.0.3.jar;C:\Users\Mrhel\.m2\repository\net\jodah\expiringmap\0.5.9\expiringmap-0.5.9.jar;C:\Users\Mrhel\.m2\repository\net\kyori\event-api\3.0.0\event-api-3.0.0.jar;C:\Users\Mrhel\.m2\repository\net\objecthunter\exp4j\0.4.8\exp4j-0.4.8.jar;C:\Users\Mrhel\.m2\repository\com\github\lalyos\jfiglet\0.0.9\jfiglet-0.0.9.jar;C:\Users\Mrhel\.m2\repository\org\junit\jupiter\junit-jupiter-api\5.9.2\junit-jupiter-api-5.9.2.jar;C:\Users\Mrhel\.m2\repository\org\opentest4j\opentest4j\1.2.0\opentest4j-1.2.0.jar;C:\Users\Mrhel\.m2\repository\org\junit\platform\junit-platform-commons\1.9.2\junit-platform-commons-1.9.2.jar;C:\Users\Mrhel\.m2\repository\org\apiguardian\apiguardian-api\1.1.2\apiguardian-api-1.1.2.jar;C:\Users\Mrhel\.m2\repository\org\mockito\mockito-core\5.2.0\mockito-core-5.2.0.jar;C:\Users\Mrhel\.m2\repository\net\bytebuddy\byte-buddy\1.14.1\byte-buddy-1.14.1.jar;C:\Users\Mrhel\.m2\repository\net\bytebuddy\byte-buddy-agent\1.14.1\byte-buddy-agent-1.14.1.jar;C:\Users\Mrhel\.m2\repository\org\objenesis\objenesis\3.3\objenesis-3.3.jar;C:\Users\Mrhel\.m2\repository\org\junit\vintage\junit-vintage-engine\5.9.2\junit-vintage-engine-5.9.2.jar;C:\Users\Mrhel\.m2\repository\org\junit\platform\junit-platform-engine\1.9.2\junit-platform-engine-1.9.2.jar;C:\Users\Mrhel\.m2\repository\junit\junit\4.13.2\junit-4.13.2.jar;C:\Users\Mrhel\.m2\repository\org\hamcrest\hamcrest-core\1.3\hamcrest-core-1.3.jar;C:\Users\Mrhel\.m2\repository\org\mockito\mockito-inline\5.2.0\mockito-inline-5.2.0.jar;C:\Users\Mrhel\.m2\repository\org\projectlombok\lombok\1.18.30\lombok-1.18.30.jar;"/>
    <property name="sun.cpu.endian" value="little"/>
    <property name="user.home" value="C:\Users\Mrhel"/>
    <property name="user.language" value="fr"/>
    <property name="java.specification.vendor" value="Oracle Corporation"/>
    <property name="java.version.date" value="2024-07-16"/>
    <property name="java.home" value="C:\Users\Mrhel\.jdks\openjdk-22.0.2"/>
    <property name="file.separator" value="\"/>
    <property name="basedir" value="C:\Users\Mrhel\Desktop\test\x-prison\X-Prison"/>
    <property name="java.vm.compressedOopsMode" value="Zero based"/>
    <property name="line.separator" value="&#10;"/>
    <property name="java.vm.specification.vendor" value="Oracle Corporation"/>
    <property name="java.specification.name" value="Java Platform API Specification"/>
    <property name="user.script" value=""/>
    <property name="sun.management.compiler" value="HotSpot 64-Bit Tiered Compilers"/>
    <property name="java.runtime.version" value="22.0.2+9-70"/>
    <property name="user.name" value="Mrhel"/>
    <property name="stdout.encoding" value="Cp1252"/>
    <property name="path.separator" value=";"/>
    <property name="os.version" value="10.0"/>
    <property name="java.runtime.name" value="OpenJDK Runtime Environment"/>
    <property name="file.encoding" value="UTF-8"/>
    <property name="java.vm.name" value="OpenJDK 64-Bit Server VM"/>
    <property name="localRepository" value="C:\Users\Mrhel\.m2\repository"/>
    <property name="java.vendor.url.bug" value="https://bugreport.java.com/bugreport/"/>
    <property name="java.io.tmpdir" value="C:\Users\Mrhel\AppData\Local\Temp\"/>
    <property name="idea.version" value="2024.1.1"/>
    <property name="java.version" value="22.0.2"/>
    <property name="user.dir" value="C:\Users\Mrhel\Desktop\test\x-prison\X-Prison"/>
    <property name="os.arch" value="amd64"/>
    <property name="java.vm.specification.name" value="Java Virtual Machine Specification"/>
    <property name="sun.os.patch.level" value=""/>
    <property name="native.encoding" value="Cp1252"/>
    <property name="java.library.path" value="C:\Users\Mrhel\.jdks\openjdk-22.0.2\bin;C:\Windows\Sun\Java\bin;C:\Windows\system32;C:\Windows;C:\Program Files\Python312\Scripts\;C:\Program Files\Python312\;C:\Program Files (x86)\NVIDIA Corporation\PhysX\Common;C:\Program Files\Common Files\Oracle\Java\javapath;C:\Program Files (x86)\Common Files\Oracle\Java\java8path;C:\Program Files (x86)\Common Files\Oracle\Java\javapath;C:\Windows\system32;C:\Windows;C:\Windows\System32\Wbem;C:\Windows\System32\WindowsPowerShell\v1.0\;C:\Windows\System32\OpenSSH\;C:\composer;C:\Program Files\PuTTY\;C:\Program Files\dotnet\;C:\wamp64\bin\php\php8.1.13;C:\Program Files\Git\cmd;C:\Program Files\nodejs\;C:\ProgramData\chocolatey\bin;C:\Users\Mrhel\scoop\shims;C:\Users\Mrhel\AppData\Local\Microsoft\WindowsApps;C:\Users\Mrhel\AppData\Roaming\Composer\vendor\bin;C:\Program Files\JetBrains\IntelliJ IDEA Community Edition 2022.3.1\bin;C:\Users\Mrhel\AppData\Local\Programs\Microsoft VS Code\bin;C:\Users\Mrhel\.dotnet\tools;C:\wamp64\bin\php\php8.2.0;C:\Program Files\JetBrains\PhpStorm 2024.1.1\bin;C:\ffmpeg\bin;C:\Users\Mrhel\AppData\Local\Programs\Python\Python312\Scripts;C:\Users\Mrhel\AppData\Roaming\npm;."/>
    <property name="java.vm.info" value="mixed mode, sharing"/>
    <property name="stderr.encoding" value="Cp1252"/>
    <property name="java.vendor" value="Oracle Corporation"/>
    <property name="java.vm.version" value="22.0.2+9-70"/>
    <property name="sun.io.unicode.encoding" value="UnicodeLittle"/>
    <property name="java.class.version" value="66.0"/>
  </properties>
  <testcase name="test_greater2" classname="dev.drawethree.xprison.utils.misc.NumberUtilsTest" time="0.013"/>
  <testcase name="test_greater" classname="dev.drawethree.xprison.utils.misc.NumberUtilsTest" time="0"/>
  <testcase name="test_lower1" classname="dev.drawethree.xprison.utils.misc.NumberUtilsTest" time="0"/>
  <testcase name="test_lower2" classname="dev.drawethree.xprison.utils.misc.NumberUtilsTest" time="0"/>
</testsuite>